17:26:33 INFO  : Launching XSDB server: xsdb -n /opt/Xilinx/SDK/2015.3/scripts/xsdb/xsdb/xsdb-server.tcl
17:26:38 INFO  : XSDB server has started successfully.
17:26:38 INFO  : Processing command line option -hwspec /home/einsamer-wolf/Vivado/part/bm_trans_v2/proj/proj.sdk/bm_trans_bram_wrapper.hdf.
17:27:31 INFO  : Saving hardware specification preferences.
17:27:31 INFO  : Starting the monitor for source hardware specification changes.
17:27:31 INFO  : Saving repository preferences.
17:27:31 INFO  : Reading in cores from local repositories: 
		 /home/einsamer-wolf/zynq_os/device-tree-xlnx
17:27:31 INFO  : Cleaning BSP projects in the workspace.
17:32:16 INFO  : Invoking Bootgen: bootgen -image output.bif -o /home/einsamer-wolf/Vivado/part/bm_trans_v2/proj/proj.sdk/bootfile/BOOT.bin
17:32:16 INFO  : Creating new bif file /home/einsamer-wolf/Vivado/part/bm_trans_v2/proj/proj.sdk/bootfile/output.bif
17:32:17 INFO  : Bootgen command execution is done.
18:03:39 INFO  : Launching XSDB server: xsdb -n /opt/Xilinx/SDK/2015.3/scripts/xsdb/xsdb/xsdb-server.tcl
18:03:40 INFO  : XSDB server has started successfully.
18:03:40 INFO  : Restoring local repository preferences: 
		 /home/einsamer-wolf/zynq_os/device-tree-xlnx
18:03:47 INFO  : Processing command line option -hwspec /home/einsamer-wolf/Vivado/part/bm_trans_v2/proj/proj.sdk/bm_trans_bram_wrapper.hdf.
18:03:49 INFO  : Checking for hwspec changes in the project bm_trans_bram_wrapper_hw_platform_0.
18:03:49 INFO  : SDK has detected change in the last modified timestamps for source hardware specification file Source:1489482138000,  Project:1489479104000
18:03:49 INFO  : The hardware specification for project 'bm_trans_bram_wrapper_hw_platform_0' is different from /home/einsamer-wolf/Vivado/part/bm_trans_v2/proj/proj.sdk/bm_trans_bram_wrapper.hdf.
18:03:49 INFO  : Copied contents of /home/einsamer-wolf/Vivado/part/bm_trans_v2/proj/proj.sdk/bm_trans_bram_wrapper.hdf into /bm_trans_bram_wrapper_hw_platform_0/system.hdf.
18:03:52 INFO  : Synchronizing projects in the workspace with the hardware platform specification changes.
18:03:53 INFO  : 
18:03:56 INFO  : 
18:03:57 INFO  : 
18:04:00 INFO  : BSP Project P/device_tree_bsp_0 has been successfully migrated.
18:04:01 INFO  : Updating hardware inferred compiler options for bm_trans.
18:04:02 INFO  : Updating hardware inferred compiler options for fsbl.
18:04:02 INFO  : Clearing existing target manager status.
18:04:02 WARN  : Unable to obtain port 2350 for use by XMD, java.net.BindException: アドレスは既に使用中です
11:52:39 INFO  : Invoking Bootgen: bootgen -image output.bif -o /home/einsamer-wolf/Vivado/part/bm_trans_v2/proj/proj.sdk/bootfile/BOOT.bin -w on
11:52:39 INFO  : Overwriting existing bif file /home/einsamer-wolf/Vivado/part/bm_trans_v2/proj/proj.sdk/bootfile/output.bif
11:52:39 INFO  : Bootgen command execution is done.
