Copyright 1986-2015 Xilinx, Inc. All Rights Reserved.
----------------------------------------------------------------------------------------
| Tool Version     : Vivado v.2015.3 (lin64) Build 1368829 Mon Sep 28 20:06:39 MDT 2015
| Date             : Tue Mar 14 18:01:55 2017
| Host             : einsamerwolf-HP-Z840-Workstation running 64-bit Ubuntu 14.04.5 LTS
| Command          : 
| Design           : bm_trans_bram_wrapper
| Device           : xc7z020clg484-1
| Design State     : routed
| Grade            : commercial
| Process          : typical
| Characterization : Production
----------------------------------------------------------------------------------------

Power Report

Table of Contents
-----------------
1. Summary
1.1 On-Chip Components
1.2 Power Supply Summary
1.3 Confidence Level
2. Settings
2.1 Environment
2.2 Clock Constraints
3. Detailed Reports
3.1 By Hierarchy

1. Summary
----------

+--------------------------+--------+
| Total On-Chip Power (W)  | 1.728  |
| Dynamic (W)              | 1.574  |
| Device Static (W)        | 0.153  |
| Effective TJA (C/W)      | 11.5   |
| Max Ambient (C)          | 65.1   |
| Junction Temperature (C) | 44.9   |
| Confidence Level         | Medium |
| Setting File             | ---    |
| Simulation Activity File | ---    |
| Design Nets Matched      | NA     |
+--------------------------+--------+


1.1 On-Chip Components
----------------------

+--------------------------+-----------+----------+-----------+-----------------+
| On-Chip                  | Power (W) | Used     | Available | Utilization (%) |
+--------------------------+-----------+----------+-----------+-----------------+
| Clocks                   |     0.018 |        3 |       --- |             --- |
| Slice Logic              |     0.006 |    12100 |       --- |             --- |
|   LUT as Logic           |     0.006 |     4138 |     53200 |            7.78 |
|   Register               |    <0.001 |     5872 |    106400 |            5.52 |
|   CARRY4                 |    <0.001 |      109 |     13300 |            0.82 |
|   LUT as Shift Register  |    <0.001 |      229 |     17400 |            1.32 |
|   F7/F8 Muxes            |    <0.001 |       34 |     53200 |            0.06 |
|   LUT as Distributed RAM |    <0.001 |       20 |     17400 |            0.11 |
|   Others                 |     0.000 |      582 |       --- |             --- |
| Signals                  |     0.009 |     8978 |       --- |             --- |
| Block RAM                |     0.009 |     14.5 |       140 |           10.36 |
| PS7                      |     1.532 |        1 |       --- |             --- |
| Static Power             |     0.153 |          |           |                 |
| Total                    |     1.728 |          |           |                 |
+--------------------------+-----------+----------+-----------+-----------------+


1.2 Power Supply Summary
------------------------

+-----------+-------------+-----------+-------------+------------+
| Source    | Voltage (V) | Total (A) | Dynamic (A) | Static (A) |
+-----------+-------------+-----------+-------------+------------+
| Vccint    |       1.000 |     0.058 |       0.042 |      0.016 |
| Vccaux    |       1.800 |     0.021 |       0.000 |      0.021 |
| Vcco33    |       3.300 |     0.000 |       0.000 |      0.000 |
| Vcco25    |       2.500 |     0.000 |       0.000 |      0.000 |
| Vcco18    |       1.800 |     0.001 |       0.000 |      0.001 |
| Vcco15    |       1.500 |     0.001 |       0.000 |      0.001 |
| Vcco135   |       1.350 |     0.000 |       0.000 |      0.000 |
| Vcco12    |       1.200 |     0.000 |       0.000 |      0.000 |
| Vccaux_io |       1.800 |     0.000 |       0.000 |      0.000 |
| Vccbram   |       1.000 |     0.003 |       0.001 |      0.002 |
| MGTAVcc   |       1.000 |     0.000 |       0.000 |      0.000 |
| MGTAVtt   |       1.200 |     0.000 |       0.000 |      0.000 |
| MGTVccaux |       1.800 |     0.000 |       0.000 |      0.000 |
| Vccpint   |       1.000 |     0.757 |       0.726 |      0.031 |
| Vccpaux   |       1.800 |     0.061 |       0.051 |      0.010 |
| Vccpll    |       1.800 |     0.017 |       0.014 |      0.003 |
| Vcco_ddr  |       1.500 |     0.459 |       0.457 |      0.002 |
| Vcco_mio0 |       1.800 |     0.000 |       0.000 |      0.000 |
| Vcco_mio1 |       1.800 |     0.003 |       0.002 |      0.001 |
| Vccadc    |       1.800 |     0.020 |       0.000 |      0.020 |
+-----------+-------------+-----------+-------------+------------+


1.3 Confidence Level
--------------------

+-----------------------------+------------+------------------------------------------------+------------------------------------------------------------------------------------------------------------+
| User Input Data             | Confidence | Details                                        | Action                                                                                                     |
+-----------------------------+------------+------------------------------------------------+------------------------------------------------------------------------------------------------------------+
| Design implementation state | High       | Design is routed                               |                                                                                                            |
| Clock nodes activity        | High       | User specified more than 95% of clocks         |                                                                                                            |
| I/O nodes activity          | High       | User specified more than 95% of inputs         |                                                                                                            |
| Internal nodes activity     | Medium     | User specified less than 25% of internal nodes | Provide missing internal nodes activity with simulation results or by editing the "By Resource Type" views |
| Device models               | High       | Device models are Production                   |                                                                                                            |
|                             |            |                                                |                                                                                                            |
| Overall confidence level    | Medium     |                                                |                                                                                                            |
+-----------------------------+------------+------------------------------------------------+------------------------------------------------------------------------------------------------------------+


2. Settings
-----------

2.1 Environment
---------------

+-----------------------+------------------------+
| Ambient Temp (C)      | 25.0                   |
| ThetaJA (C/W)         | 11.5                   |
| Airflow (LFM)         | 250                    |
| Heat Sink             | none                   |
| ThetaSA (C/W)         | 0.0                    |
| Board Selection       | medium (10"x10")       |
| # of Board Layers     | 8to11 (8 to 11 Layers) |
| Board Temperature (C) | 25.0                   |
+-----------------------+------------------------+


2.2 Clock Constraints
---------------------

+------------+------------------------------------------------------------------+-----------------+
| Clock      | Domain                                                           | Constraint (ns) |
+------------+------------------------------------------------------------------+-----------------+
| clk_fpga_0 | bm_trans_bram_i/processing_system7_0/inst/FCLK_CLK_unbuffered[0] |            10.0 |
+------------+------------------------------------------------------------------+-----------------+


3. Detailed Reports
-------------------

3.1 By Hierarchy
----------------

+----------------------------------------------------------------------+-----------+
| Name                                                                 | Power (W) |
+----------------------------------------------------------------------+-----------+
| bm_trans_bram_wrapper                                                |     1.574 |
|   bm_trans_bram_i                                                    |     1.574 |
|     axi_bram_ctrl_0                                                  |     0.002 |
|       U0                                                             |     0.002 |
|         gext_inst.abcv4_0_ext_inst                                   |     0.002 |
|           GEN_AXI4.I_FULL_AXI                                        |     0.002 |
|             GEN_ARB.I_SNG_PORT                                       |    <0.001 |
|             I_RD_CHNL                                                |     0.001 |
|               I_WRAP_BRST                                            |    <0.001 |
|             I_WR_CHNL                                                |    <0.001 |
|               I_WRAP_BRST                                            |    <0.001 |
|     axi_bram_ctrl_1                                                  |     0.002 |
|       U0                                                             |     0.002 |
|         gext_inst.abcv4_0_ext_inst                                   |     0.002 |
|           GEN_AXI4.I_FULL_AXI                                        |     0.002 |
|             GEN_ARB.I_SNG_PORT                                       |    <0.001 |
|             I_RD_CHNL                                                |     0.001 |
|               I_WRAP_BRST                                            |    <0.001 |
|             I_WR_CHNL                                                |    <0.001 |
|               BID_FIFO                                               |    <0.001 |
|               I_WRAP_BRST                                            |    <0.001 |
|     axi_cdma_0                                                       |     0.012 |
|       U0                                                             |     0.012 |
|         GEN_SG_MODE.I_SG_MODE_WRAP                                   |     0.012 |
|           I_DATAMOVER                                                |     0.007 |
|             GEN_MM2S_FULL.I_MM2S_FULL_WRAPPER                        |     0.004 |
|               GEN_INCLUDE_MM2S_DRE.I_DRE_16_to_64                    |     0.001 |
|               I_ADDR_CNTL                                            |    <0.001 |
|                 GEN_ADDR_FIFO.I_ADDR_QUAL_FIFO                       |    <0.001 |
|                   USE_SRL_FIFO.I_SYNC_FIFO                           |    <0.001 |
|                     I_SRL_FIFO_RBU_F                                 |    <0.001 |
|                       CNTR_INCR_DECR_ADDN_F_I                        |    <0.001 |
|                       DYNSHREG_F_I                                   |    <0.001 |
|               I_CMD_STATUS                                           |    <0.001 |
|                 GEN_INCLUDE_STATUS_FIFO.I_STS_FIFO                   |    <0.001 |
|                 I_CMD_FIFO                                           |    <0.001 |
|               I_MSTR_PCC                                             |     0.001 |
|               I_RD_DATA_CNTL                                         |    <0.001 |
|                 GEN_DATA_CNTL_FIFO.I_DATA_CNTL_FIFO                  |    <0.001 |
|                   USE_SRL_FIFO.I_SYNC_FIFO                           |    <0.001 |
|                     I_SRL_FIFO_RBU_F                                 |    <0.001 |
|                       CNTR_INCR_DECR_ADDN_F_I                        |    <0.001 |
|                       DYNSHREG_F_I                                   |    <0.001 |
|               I_RD_STATUS_CNTLR                                      |    <0.001 |
|               I_RESET                                                |    <0.001 |
|             GEN_S2MM_FULL.I_S2MM_FULL_WRAPPER                        |     0.003 |
|               GEN_INCLUDE_PCC.I_MSTR_PCC                             |     0.001 |
|               I_ADDR_CNTL                                            |    <0.001 |
|                 GEN_ADDR_FIFO.I_ADDR_QUAL_FIFO                       |    <0.001 |
|                   USE_SRL_FIFO.I_SYNC_FIFO                           |    <0.001 |
|                     I_SRL_FIFO_RBU_F                                 |    <0.001 |
|                       CNTR_INCR_DECR_ADDN_F_I                        |    <0.001 |
|                       DYNSHREG_F_I                                   |    <0.001 |
|               I_CMD_STATUS                                           |    <0.001 |
|                 GEN_INCLUDE_STATUS_FIFO.I_STS_FIFO                   |    <0.001 |
|                 I_CMD_FIFO                                           |    <0.001 |
|               I_RESET                                                |    <0.001 |
|               I_S2MM_MMAP_SKID_BUF                                   |    <0.001 |
|               I_WR_DATA_CNTL                                         |    <0.001 |
|                 GEN_DATA_CNTL_FIFO.I_DATA_CNTL_FIFO                  |    <0.001 |
|                   USE_SRL_FIFO.I_SYNC_FIFO                           |    <0.001 |
|                     I_SRL_FIFO_RBU_F                                 |    <0.001 |
|                       CNTR_INCR_DECR_ADDN_F_I                        |    <0.001 |
|                       DYNSHREG_F_I                                   |    <0.001 |
|               I_WR_STATUS_CNTLR                                      |    <0.001 |
|                 GEN_OMIT_INDET_BTT.I_DATA_CNTL_STATUS_FIFO           |    <0.001 |
|                   USE_SRL_FIFO.I_SYNC_FIFO                           |    <0.001 |
|                     I_SRL_FIFO_RBU_F                                 |    <0.001 |
|                       CNTR_INCR_DECR_ADDN_F_I                        |    <0.001 |
|                       DYNSHREG_F_I                                   |    <0.001 |
|                 I_WRESP_STATUS_FIFO                                  |    <0.001 |
|                   USE_SRL_FIFO.I_SYNC_FIFO                           |    <0.001 |
|                     I_SRL_FIFO_RBU_F                                 |    <0.001 |
|                       CNTR_INCR_DECR_ADDN_F_I                        |    <0.001 |
|                       DYNSHREG_F_I                                   |    <0.001 |
|           I_HYBRID_REG_MODULE                                        |     0.001 |
|             I_AXI_LITE                                               |    <0.001 |
|             I_REGISTER_BLOCK                                         |    <0.001 |
|           I_RST_MODULE                                               |    <0.001 |
|             I_SOFT_RST_CLR_PULSE                                     |    <0.001 |
|             I_SOFT_RST_POS_EDGE_DTCT                                 |    <0.001 |
|             I_SOFT_RST_PULSEGEN                                      |    <0.001 |
|           I_SG_CNTLR                                                 |    <0.001 |
|             I_GEN_IDLE_CLR                                           |    <0.001 |
|             I_GEN_IDLE_SET                                           |    <0.001 |
|             I_GEN_SG_IDLE_RISE                                       |    <0.001 |
|           I_SG_ENGINE                                                |     0.003 |
|             GEN_DESC_UPDATE.I_SG_UPDATE_MNGR                         |    <0.001 |
|               I_UPDT_CMDSTS_IF                                       |    <0.001 |
|               I_UPDT_SG                                              |    <0.001 |
|             GEN_DESC_UPDATE.I_SG_UPDATE_QUEUE                        |    <0.001 |
|               GEN_QUEUE.I_UPDT_DESC_QUEUE                            |    <0.001 |
|             GEN_INTERRUPT_LOGIC.I_AXI_SG_INTRPT                      |    <0.001 |
|             I_SG_AXI_DATAMOVER                                       |     0.001 |
|               GEN_MM2S_BASIC.I_MM2S_BASIC_WRAPPER                    |    <0.001 |
|                 I_ADDR_CNTL                                          |    <0.001 |
|                 I_CMD_STATUS                                         |    <0.001 |
|                   GEN_INCLUDE_STATUS_FIFO.I_STS_FIFO                 |    <0.001 |
|                   I_CMD_FIFO                                         |    <0.001 |
|                 I_MSTR_SCC                                           |    <0.001 |
|                 I_RD_DATA_CNTL                                       |    <0.001 |
|                 I_RD_STATUS_CNTLR                                    |    <0.001 |
|                 I_RESET                                              |    <0.001 |
|               GEN_S2MM_BASIC.I_S2MM_BASIC_WRAPPER                    |    <0.001 |
|                 I_ADDR_CNTL                                          |    <0.001 |
|                 I_CMD_STATUS                                         |    <0.001 |
|                   GEN_INCLUDE_STATUS_FIFO.I_STS_FIFO                 |    <0.001 |
|                   I_CMD_FIFO                                         |    <0.001 |
|                 I_MSTR_SCC                                           |    <0.001 |
|                 I_WR_DATA_CNTL                                       |    <0.001 |
|                 I_WR_STATUS_CNTLR                                    |    <0.001 |
|                   GEN_OMIT_INDET_BTT.I_DATA_CNTL_STATUS_FIFO         |    <0.001 |
|                     USE_SRL_FIFO.I_SYNC_FIFO                         |    <0.001 |
|                       I_SRL_FIFO_RBU_F                               |    <0.001 |
|                         CNTR_INCR_DECR_ADDN_F_I                      |    <0.001 |
|                         DYNSHREG_F_I                                 |    <0.001 |
|                   I_WRESP_STATUS_FIFO                                |    <0.001 |
|                     USE_SRL_FIFO.I_SYNC_FIFO                         |    <0.001 |
|                       I_SRL_FIFO_RBU_F                               |    <0.001 |
|                         CNTR_INCR_DECR_ADDN_F_I                      |    <0.001 |
|                         DYNSHREG_F_I                                 |    <0.001 |
|             I_SG_FETCH_MNGR                                          |    <0.001 |
|               I_FTCH_CMDSTS_IF                                       |    <0.001 |
|               I_FTCH_PNTR_MNGR                                       |    <0.001 |
|               I_FTCH_SG                                              |    <0.001 |
|             I_SG_FETCH_QUEUE                                         |     0.001 |
|               GEN_QUEUE.FTCH_QUEUE_I                                 |    <0.001 |
|           I_SIMPLE_DMA_CNTLR                                         |    <0.001 |
|     axi_mem_intercon                                                 |     0.004 |
|       m00_couplers                                                   |     0.002 |
|         auto_pc                                                      |     0.002 |
|           inst                                                       |     0.002 |
|             gen_axi4_axi3.axi3_conv_inst                             |     0.002 |
|               USE_READ.USE_SPLIT_R.read_addr_inst                    |    <0.001 |
|                 USE_R_CHANNEL.cmd_queue                              |    <0.001 |
|                   inst                                               |    <0.001 |
|                     fifo_gen_inst                                    |    <0.001 |
|                       inst_fifo_gen                                  |    <0.001 |
|                         gconvfifo.rf                                 |    <0.001 |
|                           grf.rf                                     |    <0.001 |
|                             gntv_or_sync_fifo.gl0.rd                 |    <0.001 |
|                               gr1.rfwft                              |    <0.001 |
|                               grss.rsts                              |    <0.001 |
|                               rpntr                                  |    <0.001 |
|                             gntv_or_sync_fifo.gl0.wr                 |    <0.001 |
|                               gwss.wsts                              |    <0.001 |
|                               wpntr                                  |    <0.001 |
|                             gntv_or_sync_fifo.mem                    |    <0.001 |
|                               gdm.dm                                 |    <0.001 |
|                                 RAM_reg_0_31_0_0                     |    <0.001 |
|                             rstblk                                   |    <0.001 |
|               USE_WRITE.USE_SPLIT_W.write_resp_inst                  |    <0.001 |
|               USE_WRITE.write_addr_inst                              |     0.001 |
|                 USE_BURSTS.cmd_queue                                 |    <0.001 |
|                   inst                                               |    <0.001 |
|                     fifo_gen_inst                                    |    <0.001 |
|                       inst_fifo_gen                                  |    <0.001 |
|                         gconvfifo.rf                                 |    <0.001 |
|                           grf.rf                                     |    <0.001 |
|                             gntv_or_sync_fifo.gl0.rd                 |    <0.001 |
|                               gr1.rfwft                              |    <0.001 |
|                               grss.rsts                              |    <0.001 |
|                               rpntr                                  |    <0.001 |
|                             gntv_or_sync_fifo.gl0.wr                 |    <0.001 |
|                               gwss.wsts                              |    <0.001 |
|                               wpntr                                  |    <0.001 |
|                             gntv_or_sync_fifo.mem                    |    <0.001 |
|                               gdm.dm                                 |    <0.001 |
|                                 RAM_reg_0_31_0_4                     |    <0.001 |
|                             rstblk                                   |    <0.001 |
|                 USE_B_CHANNEL.cmd_b_queue                            |    <0.001 |
|                   inst                                               |    <0.001 |
|                     fifo_gen_inst                                    |    <0.001 |
|                       inst_fifo_gen                                  |    <0.001 |
|                         gconvfifo.rf                                 |    <0.001 |
|                           grf.rf                                     |    <0.001 |
|                             gntv_or_sync_fifo.gl0.rd                 |    <0.001 |
|                               gr1.rfwft                              |    <0.001 |
|                               grss.rsts                              |    <0.001 |
|                               rpntr                                  |    <0.001 |
|                             gntv_or_sync_fifo.gl0.wr                 |    <0.001 |
|                               gwss.wsts                              |    <0.001 |
|                               wpntr                                  |    <0.001 |
|                             gntv_or_sync_fifo.mem                    |    <0.001 |
|                               gdm.dm                                 |    <0.001 |
|                                 RAM_reg_0_31_0_4                     |    <0.001 |
|                             rstblk                                   |    <0.001 |
|               USE_WRITE.write_data_inst                              |    <0.001 |
|       xbar                                                           |     0.002 |
|         inst                                                         |     0.002 |
|           gen_samd.crossbar_samd                                     |     0.002 |
|             addr_arbiter_ar                                          |    <0.001 |
|             addr_arbiter_aw                                          |    <0.001 |
|             gen_decerr_slave.decerr_slave_inst                       |    <0.001 |
|             gen_master_slots[0].reg_slice_mi                         |    <0.001 |
|               b_pipe                                                 |    <0.001 |
|               r_pipe                                                 |    <0.001 |
|             gen_master_slots[1].reg_slice_mi                         |    <0.001 |
|               b_pipe                                                 |    <0.001 |
|               r_pipe                                                 |    <0.001 |
|             gen_master_slots[2].reg_slice_mi                         |    <0.001 |
|               b_pipe                                                 |    <0.001 |
|               r_pipe                                                 |    <0.001 |
|             gen_slave_slots[0].gen_si_read.si_transactor_ar          |    <0.001 |
|             gen_slave_slots[0].gen_si_write.si_transactor_aw         |    <0.001 |
|             gen_slave_slots[0].gen_si_write.splitter_aw_si           |    <0.001 |
|             gen_slave_slots[0].gen_si_write.wdata_router_w           |    <0.001 |
|               wrouter_aw_fifo                                        |    <0.001 |
|                 gen_srls[0].gen_rep[0].srl_nx1                       |    <0.001 |
|                 gen_srls[0].gen_rep[1].srl_nx1                       |    <0.001 |
|             splitter_aw_mi                                           |    <0.001 |
|     axi_mem_intercon_1                                               |     0.003 |
|       s00_couplers                                                   |     0.003 |
|         auto_pc                                                      |    <0.001 |
|           inst                                                       |    <0.001 |
|             gen_axi4_axi3.axi3_conv_inst                             |    <0.001 |
|               USE_READ.USE_SPLIT_R.read_addr_inst                    |    <0.001 |
|                 USE_R_CHANNEL.cmd_queue                              |    <0.001 |
|                   inst                                               |    <0.001 |
|                     fifo_gen_inst                                    |    <0.001 |
|                       inst_fifo_gen                                  |    <0.001 |
|                         gconvfifo.rf                                 |    <0.001 |
|                           grf.rf                                     |    <0.001 |
|                             gntv_or_sync_fifo.gl0.rd                 |    <0.001 |
|                               gr1.rfwft                              |    <0.001 |
|                               grss.rsts                              |    <0.001 |
|                               rpntr                                  |    <0.001 |
|                             gntv_or_sync_fifo.gl0.wr                 |    <0.001 |
|                               gwss.wsts                              |    <0.001 |
|                               wpntr                                  |    <0.001 |
|                             gntv_or_sync_fifo.mem                    |    <0.001 |
|                               gdm.dm                                 |    <0.001 |
|                                 RAM_reg_0_31_0_0                     |    <0.001 |
|                             rstblk                                   |    <0.001 |
|               USE_WRITE.USE_SPLIT_W.write_resp_inst                  |    <0.001 |
|               USE_WRITE.write_addr_inst                              |    <0.001 |
|                 USE_BURSTS.cmd_queue                                 |    <0.001 |
|                   inst                                               |    <0.001 |
|                     fifo_gen_inst                                    |    <0.001 |
|                       inst_fifo_gen                                  |    <0.001 |
|                         gconvfifo.rf                                 |    <0.001 |
|                           grf.rf                                     |    <0.001 |
|                             gntv_or_sync_fifo.gl0.rd                 |    <0.001 |
|                               gr1.rfwft                              |    <0.001 |
|                               grss.rsts                              |    <0.001 |
|                               rpntr                                  |    <0.001 |
|                             gntv_or_sync_fifo.gl0.wr                 |    <0.001 |
|                               gwss.wsts                              |    <0.001 |
|                               wpntr                                  |    <0.001 |
|                             gntv_or_sync_fifo.mem                    |    <0.001 |
|                               gdm.dm                                 |    <0.001 |
|                                 RAM_reg_0_31_0_4                     |    <0.001 |
|                             rstblk                                   |    <0.001 |
|                 USE_B_CHANNEL.cmd_b_queue                            |    <0.001 |
|                   inst                                               |    <0.001 |
|                     fifo_gen_inst                                    |    <0.001 |
|                       inst_fifo_gen                                  |    <0.001 |
|                         gconvfifo.rf                                 |    <0.001 |
|                           grf.rf                                     |    <0.001 |
|                             gntv_or_sync_fifo.gl0.rd                 |    <0.001 |
|                               gr1.rfwft                              |    <0.001 |
|                               grss.rsts                              |    <0.001 |
|                               rpntr                                  |    <0.001 |
|                             gntv_or_sync_fifo.gl0.wr                 |    <0.001 |
|                               gwss.wsts                              |    <0.001 |
|                               wpntr                                  |    <0.001 |
|                             gntv_or_sync_fifo.mem                    |    <0.001 |
|                               gdm.dm                                 |    <0.001 |
|                                 RAM_reg_0_31_0_4                     |    <0.001 |
|                             rstblk                                   |    <0.001 |
|               USE_WRITE.write_data_inst                              |    <0.001 |
|         auto_us                                                      |     0.002 |
|           inst                                                       |     0.002 |
|             gen_upsizer.gen_full_upsizer.axi_upsizer_inst            |     0.002 |
|               USE_READ.gen_non_fifo_r_upsizer.mi_register_slice_inst |    <0.001 |
|                 r_pipe                                               |    <0.001 |
|               USE_READ.gen_non_fifo_r_upsizer.read_data_inst         |    <0.001 |
|               USE_READ.read_addr_inst                                |    <0.001 |
|                 GEN_CMD_QUEUE.cmd_queue                              |    <0.001 |
|               USE_WRITE.gen_non_fifo_w_upsizer.write_data_inst       |    <0.001 |
|               USE_WRITE.write_addr_inst                              |    <0.001 |
|                 GEN_CMD_QUEUE.cmd_queue                              |    <0.001 |
|               si_register_slice_inst                                 |    <0.001 |
|                 ar_pipe                                              |    <0.001 |
|                 aw_pipe                                              |    <0.001 |
|     blk_mem_gen_0                                                    |     0.009 |
|       U0                                                             |     0.009 |
|         inst_blk_mem_gen                                             |     0.009 |
|           gnativebmg.native_blk_mem_gen                              |     0.009 |
|             valid.cstr                                               |     0.009 |
|               has_mux_a.A                                            |    <0.001 |
|               has_mux_b.B                                            |    <0.001 |
|               ramloop[0].ram.r                                       |    <0.001 |
|                 prim_noinit.ram                                      |    <0.001 |
|               ramloop[10].ram.r                                      |    <0.001 |
|                 prim_noinit.ram                                      |    <0.001 |
|               ramloop[11].ram.r                                      |    <0.001 |
|                 prim_noinit.ram                                      |    <0.001 |
|               ramloop[12].ram.r                                      |    <0.001 |
|                 prim_noinit.ram                                      |    <0.001 |
|               ramloop[13].ram.r                                      |    <0.001 |
|                 prim_noinit.ram                                      |    <0.001 |
|               ramloop[14].ram.r                                      |    <0.001 |
|                 prim_noinit.ram                                      |    <0.001 |
|               ramloop[1].ram.r                                       |    <0.001 |
|                 prim_noinit.ram                                      |    <0.001 |
|               ramloop[2].ram.r                                       |    <0.001 |
|                 prim_noinit.ram                                      |    <0.001 |
|               ramloop[3].ram.r                                       |    <0.001 |
|                 prim_noinit.ram                                      |    <0.001 |
|               ramloop[4].ram.r                                       |    <0.001 |
|                 prim_noinit.ram                                      |    <0.001 |
|               ramloop[5].ram.r                                       |    <0.001 |
|                 prim_noinit.ram                                      |    <0.001 |
|               ramloop[6].ram.r                                       |    <0.001 |
|                 prim_noinit.ram                                      |    <0.001 |
|               ramloop[7].ram.r                                       |    <0.001 |
|                 prim_noinit.ram                                      |    <0.001 |
|               ramloop[8].ram.r                                       |    <0.001 |
|                 prim_noinit.ram                                      |    <0.001 |
|               ramloop[9].ram.r                                       |    <0.001 |
|                 prim_noinit.ram                                      |    <0.001 |
|     processing_system7_0                                             |     1.533 |
|       inst                                                           |     1.533 |
|         xlnx_axi_wrshim_unwrap_inst_gp0                              |     0.000 |
|         xlnx_axi_wrshim_unwrap_inst_gp1                              |     0.000 |
|     processing_system7_0_axi_periph                                  |     0.008 |
|       m00_couplers                                                   |     0.004 |
|         auto_pc                                                      |     0.004 |
|           inst                                                       |     0.004 |
|             gen_axilite.gen_b2s_conv.axilite_b2s                     |     0.004 |
|               RD.ar_channel_0                                        |    <0.001 |
|                 ar_cmd_fsm_0                                         |    <0.001 |
|                 cmd_translator_0                                     |    <0.001 |
|                   incr_cmd_0                                         |    <0.001 |
|                   wrap_cmd_0                                         |    <0.001 |
|               RD.r_channel_0                                         |    <0.001 |
|                 rd_data_fifo_0                                       |    <0.001 |
|                 transaction_fifo_0                                   |    <0.001 |
|               SI_REG                                                 |     0.001 |
|                 ar_pipe                                              |    <0.001 |
|                 aw_pipe                                              |    <0.001 |
|                 b_pipe                                               |    <0.001 |
|                 r_pipe                                               |    <0.001 |
|               WR.aw_channel_0                                        |    <0.001 |
|                 aw_cmd_fsm_0                                         |    <0.001 |
|                 cmd_translator_0                                     |    <0.001 |
|                   incr_cmd_0                                         |    <0.001 |
|                   wrap_cmd_0                                         |    <0.001 |
|               WR.b_channel_0                                         |    <0.001 |
|                 bid_fifo_0                                           |    <0.001 |
|                 bresp_fifo_0                                         |    <0.001 |
|       s00_couplers                                                   |     0.000 |
|         auto_pc                                                      |     0.000 |
|       xbar                                                           |     0.004 |
|         inst                                                         |     0.004 |
|           gen_samd.crossbar_samd                                     |     0.004 |
|             addr_arbiter_ar                                          |    <0.001 |
|             addr_arbiter_aw                                          |    <0.001 |
|             gen_decerr_slave.decerr_slave_inst                       |    <0.001 |
|             gen_master_slots[0].reg_slice_mi                         |    <0.001 |
|               b_pipe                                                 |    <0.001 |
|               r_pipe                                                 |    <0.001 |
|             gen_master_slots[1].reg_slice_mi                         |    <0.001 |
|               b_pipe                                                 |    <0.001 |
|               r_pipe                                                 |    <0.001 |
|             gen_master_slots[2].reg_slice_mi                         |    <0.001 |
|               b_pipe                                                 |    <0.001 |
|               r_pipe                                                 |    <0.001 |
|             gen_slave_slots[0].gen_si_read.si_transactor_ar          |    <0.001 |
|               gen_multi_thread.arbiter_resp_inst                     |    <0.001 |
|             gen_slave_slots[0].gen_si_write.si_transactor_aw         |     0.001 |
|               gen_multi_thread.arbiter_resp_inst                     |    <0.001 |
|             gen_slave_slots[0].gen_si_write.splitter_aw_si           |    <0.001 |
|             gen_slave_slots[0].gen_si_write.wdata_router_w           |    <0.001 |
|               wrouter_aw_fifo                                        |    <0.001 |
|                 gen_srls[0].gen_rep[0].srl_nx1                       |    <0.001 |
|                 gen_srls[0].gen_rep[1].srl_nx1                       |    <0.001 |
|             splitter_aw_mi                                           |    <0.001 |
|     rst_processing_system7_0_100M                                    |    <0.001 |
|       U0                                                             |    <0.001 |
|         EXT_LPF                                                      |    <0.001 |
|           ACTIVE_LOW_EXT.ACT_LO_EXT                                  |    <0.001 |
|         SEQ                                                          |    <0.001 |
|           SEQ_COUNTER                                                |    <0.001 |
+----------------------------------------------------------------------+-----------+


